<?xml version="1.0" encoding="UTF-8"?>
<!-- Generated by org.testng.reporters.JUnitReportReporter -->
<testsuite hostname="MacBook-Air.local" failures="0" tests="1" name="apitests.ProductTests" time="2.318" errors="0" timestamp="2025-08-10T19:18:21 EDT" skipped="0">
  <testcase classname="apitests.ProductTests" name="testGetProductById" time="2.318"/>
</testsuite> <!-- apitests.ProductTests -->
